0 info it worked if it ends with ok
1 verbose cli [ 'C:\\Program Files\\nodejs\\node.exe',
1 verbose cli   'C:\\Program Files\\nodejs\\node_modules\\npm\\bin\\npm-cli.js',
1 verbose cli   'run',
1 verbose cli   'test' ]
2 info using npm@3.8.6
3 info using node@v6.1.0
4 verbose run-script [ 'pretest', 'test', 'posttest' ]
5 info lifecycle shapes@1.0.0~pretest: shapes@1.0.0
6 silly lifecycle shapes@1.0.0~pretest: no script for pretest, continuing
7 info lifecycle shapes@1.0.0~test: shapes@1.0.0
8 verbose lifecycle shapes@1.0.0~test: unsafe-perm in lifecycle true
9 verbose lifecycle shapes@1.0.0~test: PATH: C:\Program Files\nodejs\node_modules\npm\bin\node-gyp-bin;C:\work\cmind\shapesTypescript\node_modules\.bin;C:\Program Files\nodejs;C:\Utils\Far;C:\Utils\Far\ConEmu;C:\ProgramData\Oracle\Java\javapath;C:\Python27-32\;C:\Python27\Scripts;C:\Windows\system32;C:\Windows;C:\Windows\System32\Wbem;C:\Windows\System32\WindowsPowerShell\v1.0\;C:\Program Files (x86)\AMD\ATI.ACE\Core-Static;C:\Users\Vladimir\.dnx\bin;C:\Program Files\Microsoft DNX\Dnvm\;C:\Program Files\Microsoft SQL Server\120\Tools\Binn\;C:\Program Files\Git\cmd;C:\Program Files\TortoiseHg\;C:\Program Files (x86)\Windows Kits\8.1\Windows Performance Toolkit\;C:\Program Files (x86)\Skype\Phone\;C:\Program Files\TortoiseGit\bin;C:\Program Files (x86)\Heroku\bin;C:\Program Files (x86)\git\cmd;C:\Program Files\Microsoft SQL Server\Client SDK\ODBC\110\Tools\Binn\;C:\Program Files (x86)\Microsoft SQL Server\120\Tools\Binn\;C:\Program Files\Microsoft SQL Server\120\DTS\Binn\;C:\Program Files (x86)\Microsoft SQL Server\120\Tools\Binn\ManagementStudio\;C:\Program Files (x86)\Microsoft SQL Server\120\DTS\Binn\;C:\Program Files\Microsoft SQL Server\110\Tools\Binn\;C:\mapnik-v2.2.0\bin;C:\mapnik-v2.2.0\lib;C:\Utils\spidermonkey\;C:\Program Files\nodejs\;C:\Program Files (x86)\Git\cmd;C:\work\meteor\;C:\Program Files\7-Zip;C:\Ruby21\bin;C:\Users\Vladimir\AppData\Roaming\npm
10 verbose lifecycle shapes@1.0.0~test: CWD: C:\work\cmind\shapesTypescript
11 silly lifecycle shapes@1.0.0~test: Args: [ '/d /s /c', 'mocha --compilers js:babel-core/register' ]
12 silly lifecycle shapes@1.0.0~test: Returned: code: 1  signal: null
13 info lifecycle shapes@1.0.0~test: Failed to exec test script
14 verbose stack Error: shapes@1.0.0 test: `mocha --compilers js:babel-core/register`
14 verbose stack Exit status 1
14 verbose stack     at EventEmitter.<anonymous> (C:\Program Files\nodejs\node_modules\npm\lib\utils\lifecycle.js:239:16)
14 verbose stack     at emitTwo (events.js:106:13)
14 verbose stack     at EventEmitter.emit (events.js:191:7)
14 verbose stack     at ChildProcess.<anonymous> (C:\Program Files\nodejs\node_modules\npm\lib\utils\spawn.js:24:14)
14 verbose stack     at emitTwo (events.js:106:13)
14 verbose stack     at ChildProcess.emit (events.js:191:7)
14 verbose stack     at maybeClose (internal/child_process.js:850:16)
14 verbose stack     at Process.ChildProcess._handle.onexit (internal/child_process.js:215:5)
15 verbose pkgid shapes@1.0.0
16 verbose cwd C:\work\cmind\shapesTypescript
17 error Windows_NT 10.0.10586
18 error argv "C:\\Program Files\\nodejs\\node.exe" "C:\\Program Files\\nodejs\\node_modules\\npm\\bin\\npm-cli.js" "run" "test"
19 error node v6.1.0
20 error npm  v3.8.6
21 error code ELIFECYCLE
22 error shapes@1.0.0 test: `mocha --compilers js:babel-core/register`
22 error Exit status 1
23 error Failed at the shapes@1.0.0 test script 'mocha --compilers js:babel-core/register'.
23 error Make sure you have the latest version of node.js and npm installed.
23 error If you do, this is most likely a problem with the shapes package,
23 error not with npm itself.
23 error Tell the author that this fails on your system:
23 error     mocha --compilers js:babel-core/register
23 error You can get information on how to open an issue for this project with:
23 error     npm bugs shapes
23 error Or if that isn't available, you can get their info via:
23 error     npm owner ls shapes
23 error There is likely additional logging output above.
24 verbose exit [ 1, true ]
